# JRE version: OpenJDK Runtime Environment AdoptOpenJDK-11.0.11+9 (11.0.11+9) (build 11.0.11+9)
# Java VM: OpenJDK 64-Bit Server VM AdoptOpenJDK-11.0.11+9 (11.0.11+9, mixed mode, tiered, compressed oops, g1 gc, bsd-amd64)
Heap:
 garbage-first heap   total 262144K, used 26967K [0x0000000700000000, 0x0000000800000000)
  region size 1024K, 19 young (19456K), 7 survivors (7168K)
 Metaspace       used 34105K, capacity 35371K, committed 35628K, reserved 1079296K
  class space    used 4385K, capacity 4930K, committed 4992K, reserved 1048576K
GC Heap History (6 events):
Event: 0.960 GC heap before
{Heap before GC invocations=0 (full 0):
 garbage-first heap   total 262144K, used 23552K [0x0000000700000000, 0x0000000800000000)
  region size 1024K, 24 young (24576K), 0 survivors (0K)
 Metaspace       used 13815K, capacity 14247K, committed 14592K, reserved 1062912K
  class space    used 1535K, capacity 1715K, committed 1792K, reserved 1048576K
}
Event: 0.963 GC heap after
{Heap after GC invocations=1 (full 0):
 garbage-first heap   total 262144K, used 3472K [0x0000000700000000, 0x0000000800000000)
  region size 1024K, 3 young (3072K), 3 survivors (3072K)
 Metaspace       used 13815K, capacity 14247K, committed 14592K, reserved 1062912K
  class space    used 1535K, capacity 1715K, committed 1792K, reserved 1048576K
}
Event: 1.534 GC heap before
{Heap before GC invocations=1 (full 0):
 garbage-first heap   total 262144K, used 27024K [0x0000000700000000, 0x0000000800000000)
  region size 1024K, 27 young (27648K), 3 survivors (3072K)
 Metaspace       used 20504K, capacity 21096K, committed 21248K, reserved 1067008K
  class space    used 2541K, capacity 2794K, committed 2816K, reserved 1048576K
}
Event: 1.539 GC heap after
{Heap after GC invocations=2 (full 0):
 garbage-first heap   total 262144K, used 7270K [0x0000000700000000, 0x0000000800000000)
  region size 1024K, 7 young (7168K), 7 survivors (7168K)
 Metaspace       used 20504K, capacity 21096K, committed 21248K, reserved 1067008K
  class space    used 2541K, capacity 2794K, committed 2816K, reserved 1048576K
}
Event: 5.727 GC heap before
{Heap before GC invocations=3 (full 0):
 garbage-first heap   total 262144K, used 55398K [0x0000000700000000, 0x0000000800000000)
  region size 1024K, 52 young (53248K), 7 survivors (7168K)
 Metaspace       used 31227K, capacity 32456K, committed 32768K, reserved 1077248K
  class space    used 4073K, capacity 4605K, committed 4608K, reserved 1048576K
}
Event: 5.737 GC heap after
{Heap after GC invocations=4 (full 0):
 garbage-first heap   total 262144K, used 15703K [0x0000000700000000, 0x0000000800000000)
  region size 1024K, 7 young (7168K), 7 survivors (7168K)
 Metaspace       used 31227K, capacity 32456K, committed 32768K, reserved 1077248K
  class space    used 4073K, capacity 4605K, committed 4608K, reserved 1048576K
}

